<?xml version="1.0" encoding="UTF-8"?>
<robot generator="Robot 6.1.1 (Python 3.11.5 on win32)" generated="20231012 03:04:29.156" rpa="false" schemaversion="4">
<suite id="s1" name="Test" source="C:\Users\home\OneDrive\Desktop\exam-jenkins\test.robot">
<test id="s1-t1" name="is_leap_year" line="5">
<kw name="GET" library="RequestsLibrary">
<var>${response}</var>
<arg>http://127.0.0.1:5000/is_leap_year/1600</arg>
<doc>Sends a GET request.</doc>
<msg timestamp="20231012 03:04:29.256" level="INFO">GET Request : url=http://127.0.0.1:5000/is_leap_year/1600 
 path_url=/is_leap_year/1600 
 headers={'User-Agent': 'python-requests/2.31.0', 'Accept-Encoding': 'gzip, deflate', 'Accept': '*/*', 'Connection': 'keep-alive'} 
 body=None 
 </msg>
<msg timestamp="20231012 03:04:29.256" level="INFO">GET Response : url=http://127.0.0.1:5000/is_leap_year/1600 
 status=200, reason=OK 
 headers={'Server': 'Werkzeug/3.0.0 Python/3.11.5', 'Date': 'Wed, 11 Oct 2023 20:04:29 GMT', 'Content-Type': 'text/html; charset=utf-8', 'Content-Length': '4', 'Connection': 'close'} 
 body=True 
 </msg>
<msg timestamp="20231012 03:04:29.256" level="INFO">${response} = &lt;Response [200]&gt;</msg>
<status status="PASS" starttime="20231012 03:04:29.252" endtime="20231012 03:04:29.256"/>
</kw>
<kw name="Should Be Equal As Integers" library="BuiltIn">
<arg>${response.status_code}</arg>
<arg>200</arg>
<doc>Fails if objects are unequal after converting them to integers.</doc>
<msg timestamp="20231012 03:04:29.257" level="INFO">Argument types are:
&lt;class 'int'&gt;
&lt;class 'str'&gt;</msg>
<status status="PASS" starttime="20231012 03:04:29.256" endtime="20231012 03:04:29.257"/>
</kw>
<kw name="Should Be Equal As Strings" library="BuiltIn">
<arg>${response.content}</arg>
<arg>True</arg>
<doc>Fails if objects are unequal after converting them to strings.</doc>
<msg timestamp="20231012 03:04:29.258" level="INFO">Argument types are:
&lt;class 'bytes'&gt;
&lt;class 'str'&gt;</msg>
<status status="PASS" starttime="20231012 03:04:29.258" endtime="20231012 03:04:29.258"/>
</kw>
<kw name="GET" library="RequestsLibrary">
<var>${response}</var>
<arg>http://127.0.0.1:5000/is_leap_year/2001</arg>
<doc>Sends a GET request.</doc>
<msg timestamp="20231012 03:04:29.262" level="INFO">GET Request : url=http://127.0.0.1:5000/is_leap_year/2001 
 path_url=/is_leap_year/2001 
 headers={'User-Agent': 'python-requests/2.31.0', 'Accept-Encoding': 'gzip, deflate', 'Accept': '*/*', 'Connection': 'keep-alive'} 
 body=None 
 </msg>
<msg timestamp="20231012 03:04:29.262" level="INFO">GET Response : url=http://127.0.0.1:5000/is_leap_year/2001 
 status=200, reason=OK 
 headers={'Server': 'Werkzeug/3.0.0 Python/3.11.5', 'Date': 'Wed, 11 Oct 2023 20:04:29 GMT', 'Content-Type': 'text/html; charset=utf-8', 'Content-Length': '5', 'Connection': 'close'} 
 body=False 
 </msg>
<msg timestamp="20231012 03:04:29.262" level="INFO">${response} = &lt;Response [200]&gt;</msg>
<status status="PASS" starttime="20231012 03:04:29.259" endtime="20231012 03:04:29.262"/>
</kw>
<kw name="Should Be Equal As Integers" library="BuiltIn">
<arg>${response.status_code}</arg>
<arg>200</arg>
<doc>Fails if objects are unequal after converting them to integers.</doc>
<msg timestamp="20231012 03:04:29.264" level="INFO">Argument types are:
&lt;class 'int'&gt;
&lt;class 'str'&gt;</msg>
<status status="PASS" starttime="20231012 03:04:29.263" endtime="20231012 03:04:29.264"/>
</kw>
<kw name="Should Be Equal As Strings" library="BuiltIn">
<arg>${response.content}</arg>
<arg>False</arg>
<doc>Fails if objects are unequal after converting them to strings.</doc>
<msg timestamp="20231012 03:04:29.266" level="INFO">Argument types are:
&lt;class 'bytes'&gt;
&lt;class 'str'&gt;</msg>
<status status="PASS" starttime="20231012 03:04:29.265" endtime="20231012 03:04:29.266"/>
</kw>
<kw name="GET" library="RequestsLibrary">
<var>${response}</var>
<arg>http://127.0.0.1:5000/is_leap_year/2400</arg>
<doc>Sends a GET request.</doc>
<msg timestamp="20231012 03:04:29.271" level="INFO">GET Request : url=http://127.0.0.1:5000/is_leap_year/2400 
 path_url=/is_leap_year/2400 
 headers={'User-Agent': 'python-requests/2.31.0', 'Accept-Encoding': 'gzip, deflate', 'Accept': '*/*', 'Connection': 'keep-alive'} 
 body=None 
 </msg>
<msg timestamp="20231012 03:04:29.271" level="INFO">GET Response : url=http://127.0.0.1:5000/is_leap_year/2400 
 status=200, reason=OK 
 headers={'Server': 'Werkzeug/3.0.0 Python/3.11.5', 'Date': 'Wed, 11 Oct 2023 20:04:29 GMT', 'Content-Type': 'text/html; charset=utf-8', 'Content-Length': '4', 'Connection': 'close'} 
 body=True 
 </msg>
<msg timestamp="20231012 03:04:29.271" level="INFO">${response} = &lt;Response [200]&gt;</msg>
<status status="PASS" starttime="20231012 03:04:29.267" endtime="20231012 03:04:29.271"/>
</kw>
<kw name="Should Be Equal As Integers" library="BuiltIn">
<arg>${response.status_code}</arg>
<arg>200</arg>
<doc>Fails if objects are unequal after converting them to integers.</doc>
<msg timestamp="20231012 03:04:29.273" level="INFO">Argument types are:
&lt;class 'int'&gt;
&lt;class 'str'&gt;</msg>
<status status="PASS" starttime="20231012 03:04:29.272" endtime="20231012 03:04:29.273"/>
</kw>
<kw name="Should Be Equal As Strings" library="BuiltIn">
<arg>${response.content}</arg>
<arg>True</arg>
<doc>Fails if objects are unequal after converting them to strings.</doc>
<msg timestamp="20231012 03:04:29.274" level="INFO">Argument types are:
&lt;class 'bytes'&gt;
&lt;class 'str'&gt;</msg>
<status status="PASS" starttime="20231012 03:04:29.273" endtime="20231012 03:04:29.274"/>
</kw>
<status status="PASS" starttime="20231012 03:04:29.251" endtime="20231012 03:04:29.274"/>
</test>
<status status="PASS" starttime="20231012 03:04:29.158" endtime="20231012 03:04:29.275"/>
</suite>
<statistics>
<total>
<stat pass="1" fail="0" skip="0">All Tests</stat>
</total>
<tag>
</tag>
<suite>
<stat pass="1" fail="0" skip="0" id="s1" name="Test">Test</stat>
</suite>
</statistics>
<errors>
</errors>
</robot>
